
[INFO] - WD sending signal to 5804
[INFO] - WD sending signal to 5806
[INFO] - WD sending signal to 5731
[INFO] - WD sending signal to 5732
[INFO] - WD sending signal to 5804
[INFO] - WD sending signal to 5806
[INFO] - WD sending signal to 5731
[INFO] - WD sending signal to 5732
[INFO] - Drone has updated its parameters
[INFO] - WD sending signal to 5804
[INFO] - WD sending signal to 5806
[INFO] - WD sending signal to 5731
[INFO] - WD sending signal to 5732
[INFO] - WD sending signal to 5804
[INFO] - WD sending signal to 5806
[INFO] - WD sending signal to 5731
[INFO] - WD sending signal to 5732
[INFO] - WD sending signal to 5804
[INFO] - WD sending signal to 5806
[INFO] - WD sending signal to 5731
[INFO] - WD sending signal to 5732
[INFO] - WD sending signal to 5804
[INFO] - WD sending signal to 5806
[INFO] - WD sending signal to 5731
[INFO] - WD sending signal to 5732
[INFO] - WD sending signal to 5804
[INFO] - WD sending signal to 5806
[INFO] - WD sending signal to 5731
[INFO] - WD sending signal to 5732
[INFO] - WD sending signal to 6173
[INFO] - WD sending signal to 6171
[INFO] - WD sending signal to 6109
[INFO] - WD sending signal to 6110
[INFO] - WD sending signal to 6173
[INFO] - WD sending signal to 6171
[INFO] - WD sending signal to 6109
[INFO] - WD sending signal to 6110
[INFO] - WD sending signal to 6173
[INFO] - Input has updated its parameters
[INFO] - WD sending signal to 6171
[INFO] - Drone has updated its parameters
[INFO] - WD sending signal to 6109
[INFO] - WD sending signal to 6110
[INFO] - WD sending signal to 6173
[INFO] - Input has updated its parameters
[INFO] - WD sending signal to 6171
[INFO] - WD sending signal to 6109
[INFO] - WD sending signal to 6110
[INFO] - WD sending signal to 6173
[INFO] - WD sending signal to 6171
[INFO] - WD sending signal to 6109
[INFO] - WD sending signal to 6110
[INFO] - WD sending signal to 6173
[INFO] - WD sending signal to 6171
[INFO] - WD sending signal to 6109
[INFO] - WD sending signal to 6110
[INFO] - Drone has updated its parameters
[INFO] - Input has updated its parameters
[INFO] - WD sending signal to 6173
[INFO] - WD sending signal to 6171
[INFO] - WD sending signal to 6109
[INFO] - WD sending signal to 6110
[INFO] - WD sending signal to 6173
[INFO] - WD sending signal to 6171
[INFO] - WD sending signal to 6109
[INFO] - WD sending signal to 6110
[INFO] - WD sending signal to 6173
[INFO] - Input has updated its parameters
[INFO] - WD sending signal to 6171
[INFO] - WD sending signal to 6109
[INFO] - Drone has updated its parameters
[INFO] - WD sending signal to 6110
[INFO] - WD sending signal to 6173
[INFO] - WD sending signal to 6171
[INFO] - WD sending signal to 6109
[INFO] - WD sending signal to 6110
[INFO] - WD sending signal to 6173
[INFO] - WD sending signal to 6171
[INFO] - WD sending signal to 6109
[INFO] - WD sending signal to 6110
[INFO] - WD sending signal to 6173
[INFO] - Input has updated its parameters
[INFO] - WD sending signal to 6171
[INFO] - WD sending signal to 6109
[INFO] - WD sending signal to 6110
[INFO] - Drone has updated its parameters
[INFO] - WD sending signal to 6173
[INFO] - WD sending signal to 6171
[INFO] - WD sending signal to 6109
[INFO] - WD sending signal to 6110
[INFO] - WD sending signal to 6173
[INFO] - WD sending signal to 6171
[INFO] - WD sending signal to 6109
[INFO] - WD sending signal to 6110
[INFO] - Input has updated its parameters
[INFO] - WD sending signal to 6173
[INFO] - WD sending signal to 6171
[INFO] - WD sending signal to 6109
[INFO] - Drone has updated its parameters
[INFO] - WD sending signal to 6110
[INFO] - WD sending signal to 6173
[INFO] - WD sending signal to 6171
[INFO] - WD sending signal to 6109
[INFO] - WD sending signal to 6110
[INFO] - WD sending signal to 6173
[INFO] - WD sending signal to 6171
[INFO] - WD sending signal to 6109
[INFO] - Input has updated its parameters
[INFO] - WD sending signal to 6110
[INFO] - WD sending signal to 6173
[INFO] - Drone has updated its parameters
[INFO] - WD sending signal to 6171
[INFO] - WD sending signal to 6109
[INFO] - WD sending signal to 6110
[INFO] - WD sending signal to 6173
[INFO] - WD sending signal to 6171
[INFO] - WD sending signal to 6109
[INFO] - WD sending signal to 6110
[INFO] - WD sending signal to 6173
[INFO] - Input has updated its parameters
[INFO] - WD sending signal to 6171
[INFO] - WD sending signal to 6109
[INFO] - Drone has updated its parameters
[INFO] - WD sending signal to 6110
[INFO] - WD sending signal to 6173
[INFO] - WD sending signal to 6171
[INFO] - WD sending signal to 6109
[INFO] - WD sending signal to 6110
[INFO] - WD sending signal to 6173
[INFO] - WD sending signal to 6171
[INFO] - WD sending signal to 6109
[INFO] - WD sending signal to 6110
[INFO] - WD sending signal to 6173
[INFO] - Input has updated its parameters
[INFO] - WD sending signal to 6171
[INFO] - Drone has updated its parameters
[INFO] - WD sending signal to 6109
[INFO] - WD sending signal to 6110
[INFO] - WD sending signal to 6173
[INFO] - WD sending signal to 6171
[INFO] - WD sending signal to 6109
[INFO] - WD sending signal to 6110
[INFO] - WD sending signal to 6173
[INFO] - WD sending signal to 6171
[INFO] - WD sending signal to 6109
[INFO] - Input has updated its parameters
[INFO] - WD sending signal to 6110
[INFO] - Drone has updated its parameters
[INFO] - WD sending signal to 6173
[INFO] - WD sending signal to 6171
[INFO] - WD sending signal to 6109
[INFO] - WD sending signal to 6110
[INFO] - WD sending signal to 6173
[INFO] - WD sending signal to 6171
[INFO] - WD sending signal to 6109
[INFO] - WD sending signal to 6110
[INFO] - WD sending signal to 6173
[INFO] - WD sending signal to 6171
[INFO] - Input has updated its parameters
[INFO] - WD sending signal to 6109
[INFO] - WD sending signal to 6110
[INFO] - Drone has updated its parameters
[INFO] - WD sending signal to 6173
[INFO] - WD sending signal to 6171
[INFO] - WD sending signal to 6109
[INFO] - WD sending signal to 6110
[INFO] - WD sending signal to 6173
[INFO] - WD sending signal to 6171
[INFO] - WD sending signal to 6109
[INFO] - WD sending signal to 6110
[INFO] - WD sending signal to 6173
[INFO] - WD sending signal to 6171
[INFO] - Input has updated its parameters
[INFO] - WD sending signal to 6109
[INFO] - Drone has updated its parameters
[INFO] - WD sending signal to 6110
[INFO] - WD sending signal to 6173
[INFO] - WD sending signal to 6171
[INFO] - WD sending signal to 6109
[INFO] - WD sending signal to 6110
[INFO] - WD sending signal to 6173
[INFO] - WD sending signal to 6171
[INFO] - WD sending signal to 6109
[INFO] - WD sending signal to 6110
[INFO] - WD sending signal to 6173
[INFO] - Input has updated its parameters
[INFO] - WD sending signal to 6171
[INFO] - Drone has updated its parameters
[INFO] - WD sending signal to 6109
[INFO] - WD sending signal to 6110
[INFO] - WD sending signal to 6173
[INFO] - WD sending signal to 6171
[INFO] - WD sending signal to 6109
[INFO] - WD sending signal to 6110
[INFO] - WD sending signal to 6173
[INFO] - WD sending signal to 6171
[INFO] - WD sending signal to 6109
[INFO] - Input has updated its parameters
[INFO] - WD sending signal to 6110
[INFO] - Drone has updated its parameters
[INFO] - WD sending signal to 6173
[INFO] - WD sending signal to 6171
[INFO] - WD sending signal to 6109
[INFO] - WD sending signal to 6110
[INFO] - WD sending signal to 6173
[INFO] - WD sending signal to 6171
[INFO] - WD sending signal to 6109
[INFO] - WD sending signal to 6110
[INFO] - WD sending signal to 6173
[INFO] - WD sending signal to 6171
[INFO] - Input has updated its parameters
[INFO] - WD sending signal to 6109
[INFO] - Drone has updated its parameters
[INFO] - WD sending signal to 6110
[INFO] - WD sending signal to 6173
[INFO] - WD sending signal to 6171
[INFO] - WD sending signal to 6109
[INFO] - WD sending signal to 6110
[INFO] - WD sending signal to 6173
[INFO] - WD sending signal to 6171
[INFO] - WD sending signal to 6109
[INFO] - WD sending signal to 6110
[INFO] - WD sending signal to 6173
[INFO] - WD sending signal to 6171
[INFO] - Drone has updated its parameters
[INFO] - WD sending signal to 6109
[WARN] - WD killed all processes because of process with pid 6109
[INFO] - WD sending signal to 6993
[INFO] - WD sending signal to 6995
[INFO] - WD sending signal to 6932
[INFO] - WD sending signal to 6933
[INFO] - WD sending signal to 6993
[INFO] - WD sending signal to 6995
[INFO] - WD sending signal to 6932
[INFO] - WD sending signal to 6933
[INFO] - WD sending signal to 6993
[INFO] - WD sending signal to 6995
[INFO] - Input has updated its parameters
[INFO] - Drone has updated its parameters
[INFO] - WD sending signal to 6932
[INFO] - WD sending signal to 6933
[INFO] - WD sending signal to 6993
[INFO] - WD sending signal to 6995
[INFO] - WD sending signal to 6932
[INFO] - WD sending signal to 6933
[INFO] - WD sending signal to 6993
[INFO] - WD sending signal to 6995
[INFO] - WD sending signal to 6932
[INFO] - Input has updated its parameters
[INFO] - WD sending signal to 6933
[INFO] - Drone has updated its parameters
[INFO] - WD sending signal to 6993
[INFO] - WD sending signal to 6995
[INFO] - WD sending signal to 6932
[INFO] - WD sending signal to 6933
[INFO] - WD sending signal to 6993
[INFO] - WD sending signal to 6995
[INFO] - WD sending signal to 6932
[INFO] - WD sending signal to 6933
[INFO] - WD sending signal to 6993
[INFO] - WD sending signal to 6995
[INFO] - WD sending signal to 6932
[INFO] - Input has updated its parameters
[INFO] - WD sending signal to 6933
[INFO] - Drone has updated its parameters
[INFO] - WD sending signal to 6993
[INFO] - WD sending signal to 6995
[INFO] - WD sending signal to 6932
[INFO] - WD sending signal to 6933
[INFO] - WD sending signal to 6993
[INFO] - WD sending signal to 6995
[INFO] - WD sending signal to 6932
[INFO] - WD sending signal to 6933
[INFO] - WD sending signal to 6993
[INFO] - WD sending signal to 6995
[INFO] - WD sending signal to 6932
[INFO] - WD sending signal to 7895
[INFO] - WD sending signal to 7897
[INFO] - WD sending signal to 7835
[INFO] - WD sending signal to 7836
[INFO] - WD sending signal to 7895
[INFO] - WD sending signal to 7897
[INFO] - WD sending signal to 7835
[INFO] - WD sending signal to 7836
[INFO] - WD sending signal to 7895
[INFO] - WD sending signal to 7897
[INFO] - WD sending signal to 7835
[INFO] - WD sending signal to 7836
[INFO] - WD sending signal to 7895
[INFO] - Drone has updated its parameters
[INFO] - WD sending signal to 7897
[INFO] - WD sending signal to 7835
[INFO] - WD sending signal to 7836
[INFO] - Input has updated its parameters
[INFO] - WD sending signal to 7895
[INFO] - WD sending signal to 7897
[INFO] - WD sending signal to 7835
[INFO] - WD sending signal to 7836
[INFO] - WD sending signal to 7895
[INFO] - WD sending signal to 7897
[INFO] - Input has updated its parameters
[INFO] - WD sending signal to 7835
[INFO] - WD sending signal to 7836
[INFO] - WD sending signal to 7895
[INFO] - WD sending signal to 7897
[INFO] - WD sending signal to 7835
[INFO] - WD sending signal to 7836
[INFO] - Drone has updated its parameters
[INFO] - WD sending signal to 7895
[INFO] - Input has updated its parameters
[INFO] - WD sending signal to 7897
[INFO] - WD sending signal to 7835
[INFO] - WD sending signal to 7836
[INFO] - WD sending signal to 7895
[INFO] - WD sending signal to 7897
[INFO] - WD sending signal to 7835
[INFO] - WD sending signal to 7836
[INFO] - WD sending signal to 7895
[INFO] - WD sending signal to 7897
[INFO] - WD sending signal to 7835
[INFO] - WD sending signal to 7836
[INFO] - WD sending signal to 7895
[INFO] - Drone has updated its parameters
[INFO] - Input has updated its parameters
[INFO] - WD sending signal to 7897
[INFO] - WD sending signal to 7835
[INFO] - WD sending signal to 7836
[INFO] - WD sending signal to 7895
[INFO] - WD sending signal to 7897
[INFO] - WD sending signal to 7835
[INFO] - WD sending signal to 7836
[INFO] - WD sending signal to 7895
[INFO] - WD sending signal to 7897
[INFO] - WD sending signal to 7835
[INFO] - WD sending signal to 7836
[INFO] - WD sending signal to 7895
[INFO] - WD sending signal to 7897
[INFO] - Drone has updated its parameters
[INFO] - Input has updated its parameters
[INFO] - WD sending signal to 7835
[INFO] - WD sending signal to 7836
[INFO] - WD sending signal to 7895
[INFO] - WD sending signal to 7897
[INFO] - WD sending signal to 7835
[INFO] - WD sending signal to 7836
[INFO] - WD sending signal to 7895
[INFO] - WD sending signal to 7897
[INFO] - WD sending signal to 7835
[INFO] - WD sending signal to 7836
[WARN] - WD killed all processes because of process with pid 7836
[INFO] - WD sending signal to 12357
[INFO] - WD sending signal to 12355
[INFO] - WD sending signal to 12292
[WARN] - WD killed all processes because of process with pid 12292
[INFO] - WD sending signal to 12642
[INFO] - WD sending signal to 12644
[INFO] - WD sending signal to 12580
[INFO] - WD sending signal to 12581
[INFO] - WD sending signal to 12584
[WARN] - WD killed all processes because of process with pid 12584
[INFO] - WD sending signal to 12991
[INFO] - WD sending signal to 12993
[INFO] - WD sending signal to 12925
[WARN] - WD killed all processes because of process with pid 12925
[INFO] - Target process generated a new set of targets
[INFO] - WD sending signal to 13351
[INFO] - WD sending signal to 13352
[INFO] - WD sending signal to 13289
[WARN] - WD killed all processes because of process with pid 13289
[INFO] - Target process generated a new set of targets
[INFO] - Obstacles process generated a new set of obstacles
[INFO] - WD sending signal to 13660
[INFO] - WD sending signal to 13658
[INFO] - WD sending signal to 13596
[WARN] - WD killed all processes because of process with pid 13596
[INFO] - Obstacles process generated a new set of obstacles
[INFO] - Target process generated a new set of targets
[INFO] - WD sending signal to 13762
[INFO] - WD sending signal to 13760
[INFO] - WD sending signal to 13691
[WARN] - WD killed all processes because of process with pid 13691
[INFO] - Target process generated a new set of targets
[INFO] - Obstacles process generated a new set of obstacles
[INFO] - WD sending signal to 14106
[INFO] - WD sending signal to 14108
[INFO] - WD sending signal to 14040
[WARN] - WD killed all processes because of process with pid 14040
